version: (200506)

available memory: 64M bytes
used memory: 98304 bytes [need 96K bytes if disable swap]

used block: 5 [memory(5) file(0)]
                 [ 8K(4) 64K(1) { total 96K bytes } ]
overhead: (9514) bytes for (5) blocks [Average: (1902) bytes/block]

write  => 0(times) 0K(bytes) [0K bytes to file]
read   => 1(times) 24K(bytes) [3K bytes compressed data from file]
access => 150232(times) 1182M(bytes)
          [hit ratio: 99.9993%]

time: write(0) read(0)  unit: second

swap file directory: (/nfs/share/home/liuhanzhang/ecos_projects/top/run/verdiLog)
used swap file number: (1)



swap file manager:
arrSize: (256)
idxCnt: (3)
closeHead: (1)
closeTail: (2)
openCnt: (2)
fid(2): fd(25) fileName(/nfs/share/home/liuhanzhang/ecos_projects/top/run/verdiLog/_swap_0001#302647060#6574)
	size(0) lastModTime(0) curModTime(1765188416)
	mode(w+b)	hot(0) cool(1) pos(0)
fid(1): fd(1073741824) fileName(/nfs/share/home/liuhanzhang/ecos_projects/top/run/simv.daidir/kdb.elab++/work.lib++/soc_tb.sv.tdc)
	size(5794) lastModTime(1765187401) curModTime(1765187401)
	mode(rb)	hot(2) cool(0) pos(0)
fid(0): fd(0) fileName(NULL)
	mode(NULL)	hot(0) cool(0) pos(0)
==================================================
mySelf(0x27c2ed40) pre(0x27c1c2e0) next((nil))
version(200506)
date(Apr 15 2024 02:45:17)
